<?xml version="1.0" encoding="UTF-8"?>
<!-- Generated by org.testng.reporters.JUnitReportReporter -->
<testsuite hostname="Ivavsys_HP_PC" name="TestMaven.Project.AppTest" tests="1" failures="0" timestamp="3 Dec 2018 06:37:59 GMT" time="0.060" errors="0">
  <testcase name="testABC" time="0.060" classname="TestMaven.Project.AppTest"/>
</testsuite> <!-- TestMaven.Project.AppTest -->
